<?xml version="1.0" encoding="UTF-8"?>
<testsuite name="com.accenture.challenge.bank.service.BankServiceTest" tests="1" skipped="0" failures="0" errors="0" timestamp="2024-12-13T11:02:53" hostname="AR-IT24170" time="1.004">
  <properties/>
  <testcase name="testCreateBank_ThrowsDuplicateResourceException()" classname="com.accenture.challenge.bank.service.BankServiceTest" time="1.004"/>
  <system-out><![CDATA[]]></system-out>
  <system-err><![CDATA[]]></system-err>
</testsuite>
